[11:43:35] [ORCHESTRATOR] Starting 60 minute massive simulation...
[11:43:38] [MANAGER-1] Logged in successfully
[11:43:38] [CASHIER-4] Logged in successfully
[11:43:39] [CASHIER-3] Logged in successfully
[11:43:39] [CASHIER-2] Logged in successfully
[11:43:40] [CASHIER-1] Logged in successfully
[11:43:42] [KITCHEN-2] KDS Active
[11:43:43] [MANAGER-1] Checked reports
[11:43:43] [KITCHEN-1] KDS Active
[11:44:10] [MANAGER-1] Checked reports
[11:44:15] [CASHIER-2] ✅ Placed order with 4 items
[11:44:27] [KITCHEN-2] Memory usage: 9.54 MB
[11:44:28] [KITCHEN-1] Memory usage: 9.54 MB
[11:44:38] [MANAGER-1] Checked reports
[11:44:44] [CASHIER-3] ✅ Placed order with 5 items
[11:45:05] [MANAGER-1] Checked reports
[11:45:17] [KITCHEN-2] Memory usage: 9.54 MB
[11:45:18] [KITCHEN-1] Memory usage: 9.54 MB
[11:45:32] [MANAGER-1] Checked reports
[11:45:34] [CASHIER-4] ✅ Placed order with 3 items
[11:45:59] [MANAGER-1] Checked reports
[11:46:07] [KITCHEN-2] Memory usage: 9.54 MB
[11:46:08] [KITCHEN-1] Memory usage: 9.54 MB
[11:46:11] [CASHIER-1] ✅ Placed order with 2 items
[11:46:26] [MANAGER-1] Checked reports
[11:46:51] [CASHIER-2] ✅ Placed order with 5 items
[11:46:54] [MANAGER-1] Checked reports
[11:46:57] [KITCHEN-2] Memory usage: 9.54 MB
[11:46:58] [KITCHEN-1] Memory usage: 9.54 MB
[11:47:09] [CASHIER-3] ✅ Placed order with 3 items
[11:47:12] [CASHIER-2] ✅ Placed order with 4 items
[11:47:21] [MANAGER-1] Checked reports
[11:47:48] [KITCHEN-2] Memory usage: 9.54 MB
[11:47:48] [MANAGER-1] Checked reports
[11:47:48] [KITCHEN-1] Memory usage: 9.54 MB
[11:48:12] [CASHIER-1] ✅ Placed order with 3 items
[11:48:15] [MANAGER-1] Checked reports
[11:48:38] [KITCHEN-2] Memory usage: 9.54 MB
[11:48:38] [KITCHEN-1] Memory usage: 9.54 MB
[11:48:43] [MANAGER-1] Checked reports
[11:48:56] [CASHIER-4] ✅ Placed order with 5 items
[11:49:10] [MANAGER-1] Checked reports
[11:49:28] [KITCHEN-2] Memory usage: 9.54 MB
[11:49:29] [KITCHEN-1] Memory usage: 9.54 MB
[11:49:37] [MANAGER-1] Checked reports
[11:50:05] [MANAGER-1] Checked reports
[11:50:18] [KITCHEN-2] Memory usage: 9.54 MB
[11:50:19] [KITCHEN-1] Memory usage: 9.54 MB
[11:50:32] [MANAGER-1] Checked reports
[11:50:59] [MANAGER-1] Checked reports
[11:51:08] [KITCHEN-2] Memory usage: 9.54 MB
[11:51:09] [KITCHEN-1] Memory usage: 9.54 MB
[11:51:13] [CASHIER-3] ✅ Placed order with 4 items
[11:51:24] [CASHIER-2] ✅ Placed order with 5 items
[11:51:26] [MANAGER-1] Checked reports
[11:51:37] [CASHIER-4] ✅ Placed order with 4 items
[11:51:44] [CASHIER-3] ✅ Placed order with 4 items
[11:51:53] [MANAGER-1] Checked reports
[11:51:58] [KITCHEN-2] Memory usage: 9.54 MB
[11:51:59] [KITCHEN-1] Memory usage: 9.54 MB
[11:52:05] [CASHIER-3] ✅ Placed order with 2 items
[11:52:21] [MANAGER-1] Checked reports
[11:52:48] [MANAGER-1] Checked reports
[11:52:48] [KITCHEN-2] Memory usage: 9.54 MB
[11:52:49] [KITCHEN-1] Memory usage: 9.54 MB
[11:53:02] [CASHIER-1] ✅ Placed order with 3 items
[11:53:15] [MANAGER-1] Checked reports
[11:53:38] [KITCHEN-2] Memory usage: 9.54 MB
[11:53:39] [KITCHEN-1] Memory usage: 9.54 MB
[11:53:42] [MANAGER-1] Checked reports
[11:54:09] [MANAGER-1] Checked reports
[11:54:28] [KITCHEN-2] Memory usage: 9.54 MB
[11:54:29] [KITCHEN-1] Memory usage: 9.54 MB
[11:54:37] [MANAGER-1] Checked reports
[11:54:40] [CASHIER-3] ✅ Placed order with 2 items
[11:55:04] [MANAGER-1] Checked reports
[11:55:18] [KITCHEN-2] Memory usage: 9.54 MB
[11:55:19] [KITCHEN-1] Memory usage: 9.54 MB
[11:55:31] [MANAGER-1] Checked reports
[11:55:58] [MANAGER-1] Checked reports
[11:56:08] [KITCHEN-2] Memory usage: 9.54 MB
[11:56:09] [KITCHEN-1] Memory usage: 9.54 MB
[11:56:10] [CASHIER-1] ✅ Placed order with 2 items
[11:56:26] [MANAGER-1] Checked reports
[11:56:46] [CASHIER-4] ✅ Placed order with 3 items
[11:56:53] [MANAGER-1] Checked reports
[11:56:58] [KITCHEN-2] Memory usage: 9.54 MB
[11:56:59] [KITCHEN-1] Memory usage: 9.54 MB
[11:57:20] [MANAGER-1] Checked reports
[11:57:47] [MANAGER-1] Checked reports
[11:57:48] [KITCHEN-2] Memory usage: 9.54 MB
[11:57:49] [KITCHEN-1] Memory usage: 9.54 MB
[11:58:15] [MANAGER-1] Checked reports
[11:58:19] [CASHIER-2] ✅ Placed order with 4 items
[11:58:38] [KITCHEN-2] Memory usage: 9.54 MB
[11:58:39] [KITCHEN-1] Memory usage: 9.54 MB
[11:58:42] [MANAGER-1] Checked reports
[11:59:09] [MANAGER-1] Checked reports
[11:59:22] [CASHIER-2] ✅ Placed order with 5 items
[11:59:25] [CASHIER-3] ✅ Placed order with 5 items
[11:59:28] [KITCHEN-2] Memory usage: 9.54 MB
[11:59:29] [KITCHEN-1] Memory usage: 9.54 MB
[11:59:36] [MANAGER-1] Checked reports
[11:59:47] [CASHIER-4] ✅ Placed order with 4 items
[12:00:03] [MANAGER-1] Checked reports
[12:00:18] [KITCHEN-2] Memory usage: 9.54 MB
[12:00:19] [KITCHEN-1] Memory usage: 9.54 MB
[12:00:30] [CASHIER-2] ✅ Placed order with 5 items
[12:00:30] [MANAGER-1] Checked reports
[12:00:58] [MANAGER-1] Checked reports
[12:01:07] [CASHIER-2] ✅ Placed order with 4 items
[12:01:08] [KITCHEN-2] Memory usage: 9.54 MB
[12:01:09] [KITCHEN-1] Memory usage: 9.54 MB
[12:01:25] [MANAGER-1] Checked reports
[12:01:40] [CASHIER-2] ✅ Placed order with 2 items
[12:01:52] [MANAGER-1] Checked reports
[12:01:58] [KITCHEN-2] Memory usage: 9.54 MB
[12:01:59] [KITCHEN-1] Memory usage: 9.54 MB
[12:02:06] [CASHIER-3] ✅ Placed order with 5 items
[12:02:19] [MANAGER-1] Checked reports
[12:02:46] [MANAGER-1] Checked reports
[12:02:48] [KITCHEN-2] Memory usage: 9.54 MB
[12:02:49] [KITCHEN-1] Memory usage: 9.54 MB
[12:03:14] [MANAGER-1] Checked reports
[12:03:17] [CASHIER-4] ✅ Placed order with 1 items
[12:03:38] [KITCHEN-2] Memory usage: 9.54 MB
[12:03:39] [KITCHEN-1] Memory usage: 9.54 MB
[12:03:41] [MANAGER-1] Checked reports
[12:03:52] [CASHIER-3] ✅ Placed order with 2 items
[12:04:08] [MANAGER-1] Checked reports
[12:04:29] [KITCHEN-2] Memory usage: 9.54 MB
[12:04:30] [KITCHEN-1] Memory usage: 9.54 MB
[12:04:35] [MANAGER-1] Checked reports
[12:05:02] [MANAGER-1] Checked reports
[12:05:19] [KITCHEN-2] Memory usage: 9.54 MB
[12:05:20] [KITCHEN-1] Memory usage: 9.54 MB
[12:05:30] [MANAGER-1] Checked reports
[12:05:30] [CASHIER-3] ✅ Placed order with 2 items
[12:05:57] [MANAGER-1] Checked reports
[12:06:09] [KITCHEN-2] Memory usage: 9.54 MB
[12:06:10] [KITCHEN-1] Memory usage: 9.54 MB
[12:06:24] [MANAGER-1] Checked reports
[12:06:51] [MANAGER-1] Checked reports
[12:06:59] [KITCHEN-2] Memory usage: 9.54 MB
[12:07:00] [KITCHEN-1] Memory usage: 9.54 MB
[12:07:18] [MANAGER-1] Checked reports
[12:07:46] [MANAGER-1] Checked reports
[12:07:49] [KITCHEN-2] Memory usage: 9.54 MB
[12:07:50] [KITCHEN-1] Memory usage: 9.54 MB
[12:08:13] [MANAGER-1] Checked reports
[12:08:39] [KITCHEN-2] Memory usage: 9.54 MB
[12:08:40] [KITCHEN-1] Memory usage: 9.54 MB
[12:08:40] [MANAGER-1] Checked reports
[12:09:07] [MANAGER-1] Checked reports
[12:09:10] [CASHIER-4] ✅ Placed order with 5 items
[12:09:29] [KITCHEN-2] Memory usage: 9.54 MB
[12:09:30] [KITCHEN-1] Memory usage: 9.54 MB
[12:09:31] [CASHIER-4] ✅ Placed order with 1 items
[12:09:35] [MANAGER-1] Checked reports
[12:10:02] [MANAGER-1] Checked reports
[12:10:18] [CASHIER-3] ✅ Placed order with 3 items
[12:10:19] [KITCHEN-2] Memory usage: 9.54 MB
[12:10:20] [CASHIER-4] ✅ Placed order with 2 items
[12:10:20] [KITCHEN-1] Memory usage: 9.54 MB
[12:10:29] [MANAGER-1] Checked reports
[12:10:56] [MANAGER-1] Checked reports
[12:11:09] [KITCHEN-2] Memory usage: 9.54 MB
[12:11:10] [KITCHEN-1] Memory usage: 9.54 MB
[12:11:12] [CASHIER-2] ✅ Placed order with 1 items
[12:11:19] [CASHIER-3] ✅ Placed order with 2 items
[12:11:20] [CASHIER-1] ✅ Placed order with 1 items
[12:11:23] [MANAGER-1] Checked reports
[12:11:50] [MANAGER-1] Checked reports
[12:11:59] [KITCHEN-2] Memory usage: 9.54 MB
[12:12:00] [KITCHEN-1] Memory usage: 9.54 MB
[12:12:18] [MANAGER-1] Checked reports
[12:12:37] [CASHIER-1] ✅ Placed order with 1 items
[12:12:45] [MANAGER-1] Checked reports
[12:12:49] [KITCHEN-2] Memory usage: 9.54 MB
[12:12:50] [KITCHEN-1] Memory usage: 9.54 MB
[12:13:12] [MANAGER-1] Checked reports
[12:13:14] [CASHIER-3] ✅ Placed order with 3 items
[12:13:28] [CASHIER-1] ✅ Placed order with 4 items
[12:13:33] [CASHIER-2] ✅ Placed order with 1 items
[12:13:39] [KITCHEN-2] Memory usage: 9.54 MB
[12:13:39] [MANAGER-1] Checked reports
[12:13:40] [KITCHEN-1] Memory usage: 9.54 MB
[12:14:06] [MANAGER-1] Checked reports
[12:14:29] [KITCHEN-2] Memory usage: 9.54 MB
[12:14:30] [KITCHEN-1] Memory usage: 9.54 MB
[12:14:34] [MANAGER-1] Checked reports
[12:14:34] [CASHIER-1] ✅ Placed order with 5 items
[12:15:01] [MANAGER-1] Checked reports
[12:15:19] [KITCHEN-2] Memory usage: 9.54 MB
[12:15:20] [KITCHEN-1] Memory usage: 9.54 MB
[12:15:28] [MANAGER-1] Checked reports
[12:15:55] [MANAGER-1] Checked reports
[12:16:09] [KITCHEN-2] Memory usage: 9.54 MB
[12:16:10] [KITCHEN-1] Memory usage: 9.54 MB
[12:16:22] [MANAGER-1] Checked reports
[12:16:31] [CASHIER-3] ✅ Placed order with 2 items
[12:16:50] [MANAGER-1] Checked reports
[12:16:59] [KITCHEN-2] Memory usage: 9.54 MB
[12:17:00] [KITCHEN-1] Memory usage: 9.54 MB
[12:17:17] [MANAGER-1] Checked reports
[12:17:44] [MANAGER-1] Checked reports
[12:17:49] [KITCHEN-2] Memory usage: 9.54 MB
[12:17:50] [KITCHEN-1] Memory usage: 9.54 MB
[12:17:56] [CASHIER-2] ✅ Placed order with 1 items
[12:18:11] [MANAGER-1] Checked reports
[12:18:38] [MANAGER-1] Checked reports
[12:18:39] [KITCHEN-2] Memory usage: 9.54 MB
[12:18:40] [KITCHEN-1] Memory usage: 9.54 MB
[12:19:06] [MANAGER-1] Checked reports
[12:19:27] [CASHIER-2] ✅ Placed order with 3 items
[12:19:29] [KITCHEN-2] Memory usage: 9.54 MB
[12:19:30] [KITCHEN-1] Memory usage: 9.54 MB
[12:19:33] [MANAGER-1] Checked reports
[12:20:00] [MANAGER-1] Checked reports
[12:20:14] [CASHIER-1] ✅ Placed order with 1 items
[12:20:19] [KITCHEN-2] Memory usage: 9.54 MB
[12:20:20] [KITCHEN-1] Memory usage: 9.54 MB
[12:20:27] [MANAGER-1] Checked reports
[12:20:54] [MANAGER-1] Checked reports
[12:21:09] [KITCHEN-2] Memory usage: 9.54 MB
[12:21:10] [KITCHEN-1] Memory usage: 9.54 MB
[12:21:21] [MANAGER-1] Checked reports
[12:21:42] [CASHIER-3] ✅ Placed order with 2 items
[12:21:49] [MANAGER-1] Checked reports
[12:21:59] [KITCHEN-2] Memory usage: 9.54 MB
[12:22:00] [KITCHEN-1] Memory usage: 9.54 MB
[12:22:16] [MANAGER-1] Checked reports
[12:22:43] [MANAGER-1] Checked reports
[12:22:49] [KITCHEN-2] Memory usage: 9.54 MB
[12:22:51] [KITCHEN-1] Memory usage: 9.54 MB
[12:23:10] [MANAGER-1] Checked reports
[12:23:37] [MANAGER-1] Checked reports
[12:23:40] [KITCHEN-2] Memory usage: 9.54 MB
[12:23:41] [KITCHEN-1] Memory usage: 9.54 MB
[12:24:05] [MANAGER-1] Checked reports
[12:24:30] [KITCHEN-2] Memory usage: 9.54 MB
[12:24:31] [KITCHEN-1] Memory usage: 9.54 MB
[12:24:32] [MANAGER-1] Checked reports
[12:24:59] [MANAGER-1] Checked reports
[12:25:20] [KITCHEN-2] Memory usage: 9.54 MB
[12:25:21] [KITCHEN-1] Memory usage: 9.54 MB
[12:25:24] [CASHIER-2] ✅ Placed order with 4 items
[12:25:26] [MANAGER-1] Checked reports
[12:25:53] [MANAGER-1] Checked reports
[12:26:10] [KITCHEN-2] Memory usage: 9.54 MB
[12:26:11] [KITCHEN-1] Memory usage: 9.54 MB
[12:26:21] [MANAGER-1] Checked reports
[12:26:48] [MANAGER-1] Checked reports
[12:27:00] [KITCHEN-2] Memory usage: 9.54 MB
[12:27:01] [KITCHEN-1] Memory usage: 9.54 MB
[12:27:15] [MANAGER-1] Checked reports
[12:27:42] [MANAGER-1] Checked reports
[12:27:50] [KITCHEN-2] Memory usage: 9.54 MB
[12:27:51] [KITCHEN-1] Memory usage: 9.54 MB
[12:28:09] [MANAGER-1] Checked reports
[12:28:37] [MANAGER-1] Checked reports
[12:28:40] [KITCHEN-2] Memory usage: 9.54 MB
[12:28:41] [KITCHEN-1] Memory usage: 9.54 MB
[12:29:04] [MANAGER-1] Checked reports
[12:29:30] [KITCHEN-2] Memory usage: 9.54 MB
[12:29:31] [KITCHEN-1] Memory usage: 9.54 MB
[12:29:31] [MANAGER-1] Checked reports
[12:29:58] [MANAGER-1] Checked reports
[12:30:20] [KITCHEN-2] Memory usage: 9.54 MB
[12:30:21] [KITCHEN-1] Memory usage: 9.54 MB
[12:30:25] [MANAGER-1] Checked reports
[12:30:53] [MANAGER-1] Checked reports
[12:31:10] [KITCHEN-2] Memory usage: 9.54 MB
[12:31:11] [KITCHEN-1] Memory usage: 9.54 MB
[12:31:20] [MANAGER-1] Checked reports
[12:31:47] [MANAGER-1] Checked reports
[12:32:00] [KITCHEN-2] Memory usage: 9.54 MB
[12:32:01] [KITCHEN-1] Memory usage: 9.54 MB
[12:32:14] [MANAGER-1] Checked reports
[12:32:41] [MANAGER-1] Checked reports
[12:32:50] [KITCHEN-2] Memory usage: 9.54 MB
[12:32:51] [KITCHEN-1] Memory usage: 9.54 MB
[12:33:09] [MANAGER-1] Checked reports
[12:33:36] [MANAGER-1] Checked reports
[12:33:40] [KITCHEN-2] Memory usage: 9.54 MB
[12:33:41] [KITCHEN-1] Memory usage: 9.54 MB
[12:34:03] [MANAGER-1] Checked reports
[12:34:30] [KITCHEN-2] Memory usage: 9.54 MB
[12:34:31] [MANAGER-1] Checked reports
[12:34:31] [KITCHEN-1] Memory usage: 9.54 MB
[12:34:58] [MANAGER-1] Checked reports
[12:35:20] [KITCHEN-2] Memory usage: 9.54 MB
[12:35:21] [KITCHEN-1] Memory usage: 9.54 MB
[12:35:25] [MANAGER-1] Checked reports
[12:35:53] [MANAGER-1] Checked reports
[12:36:10] [KITCHEN-2] Memory usage: 9.54 MB
[12:36:11] [KITCHEN-1] Memory usage: 9.54 MB
[12:36:20] [MANAGER-1] Checked reports
[12:36:47] [MANAGER-1] Checked reports
[12:37:00] [KITCHEN-2] Memory usage: 9.54 MB
[12:37:01] [KITCHEN-1] Memory usage: 9.54 MB
[12:37:14] [MANAGER-1] Checked reports
[12:37:41] [MANAGER-1] Checked reports
[12:37:50] [KITCHEN-2] Memory usage: 9.54 MB
[12:37:52] [KITCHEN-1] Memory usage: 9.54 MB
[12:38:09] [MANAGER-1] Checked reports
[12:38:36] [MANAGER-1] Checked reports
[12:38:41] [KITCHEN-2] Memory usage: 9.54 MB
[12:38:42] [KITCHEN-1] Memory usage: 9.54 MB
[12:39:03] [MANAGER-1] Checked reports
[12:39:30] [MANAGER-1] Checked reports
[12:39:31] [KITCHEN-2] Memory usage: 9.54 MB
[12:39:32] [KITCHEN-1] Memory usage: 9.54 MB
[12:39:57] [MANAGER-1] Checked reports
[12:40:21] [KITCHEN-2] Memory usage: 9.54 MB
[12:40:22] [KITCHEN-1] Memory usage: 9.54 MB
[12:40:24] [MANAGER-1] Checked reports
[12:40:52] [MANAGER-1] Checked reports
[12:41:11] [KITCHEN-2] Memory usage: 9.54 MB
[12:41:12] [KITCHEN-1] Memory usage: 9.54 MB
[12:41:19] [MANAGER-1] Checked reports
[12:41:46] [MANAGER-1] Checked reports
[12:42:01] [KITCHEN-2] Memory usage: 9.54 MB
[12:42:02] [KITCHEN-1] Memory usage: 9.54 MB
[12:42:13] [MANAGER-1] Checked reports
[12:42:40] [MANAGER-1] Checked reports
[12:42:51] [KITCHEN-2] Memory usage: 9.54 MB
[12:42:52] [KITCHEN-1] Memory usage: 9.54 MB
[12:43:08] [MANAGER-1] Checked reports
[12:43:35] [MANAGER-1] Checked reports
[12:43:36] [KITCHEN-2] Finished
[12:43:37] [KITCHEN-1] Finished
[12:43:39] [CASHIER-3] Finished
[12:43:42] [CASHIER-2] Finished
[12:43:50] [CASHIER-4] Finished
[12:43:54] [CASHIER-1] Finished
[12:43:57] [MANAGER-1] Finished
[12:43:57] [ORCHESTRATOR] Simulation Complete. Generating final database verification...
[12:44:04] [ORCHESTRATOR] Done.
